WARNING:  StatReload detected changes in 'backend/app/models/dashboard.py'. Reloading...
ERROR:    Error loading ASGI app. Could not import module "main".
WARNING:  StatReload detected changes in 'backend/app/models/dashboard.py'. Reloading...
ERROR:    Error loading ASGI app. Could not import module "main".
WARNING:  StatReload detected changes in 'backend/app/api/dashboards.py'. Reloading...
WARNING:  StatReload detected changes in 'backend/app/api/dashboards.py'. Reloading...
ERROR:    Error loading ASGI app. Could not import module "main".
ERROR:    Error loading ASGI app. Could not import module "main".
WARNING:  StatReload detected changes in 'backend/app/schemas/dashboard.py'. Reloading...
ERROR:    Error loading ASGI app. Could not import module "main".
WARNING:  StatReload detected changes in 'backend/app/schemas/dashboard.py'. Reloading...
ERROR:    Error loading ASGI app. Could not import module "main".
WARNING:  StatReload detected changes in 'backend/app/models/user.py'. Reloading...
ERROR:    Error loading ASGI app. Could not import module "main".
WARNING:  StatReload detected changes in 'backend/app/models/user.py'. Reloading...
ERROR:    Error loading ASGI app. Could not import module "main".
WARNING:  StatReload detected changes in 'backend/app/database.py'. Reloading...
ERROR:    Error loading ASGI app. Could not import module "main".
WARNING:  StatReload detected changes in 'backend/app/database.py'. Reloading...
ERROR:    Error loading ASGI app. Could not import module "main".
WARNING:  StatReload detected changes in 'backend/app/api/query.py'. Reloading...
ERROR:    Error loading ASGI app. Could not import module "main".
WARNING:  StatReload detected changes in 'backend/app/api/query.py'. Reloading...
ERROR:    Error loading ASGI app. Could not import module "main".
WARNING:  StatReload detected changes in 'backend/app/models/dashboard.py'. Reloading...
ERROR:    Error loading ASGI app. Could not import module "main".
WARNING:  StatReload detected changes in 'backend/app/models/dashboard.py'. Reloading...
ERROR:    Error loading ASGI app. Could not import module "main".
WARNING:  StatReload detected changes in 'backend/app/main.py'. Reloading...
ERROR:    Error loading ASGI app. Could not import module "main".
WARNING:  StatReload detected changes in 'backend/app/main.py'. Reloading...
ERROR:    Error loading ASGI app. Could not import module "main".
WARNING:  StatReload detected changes in 'backend/app/models/dashboard.py'. Reloading...
ERROR:    Error loading ASGI app. Could not import module "main".
WARNING:  StatReload detected changes in 'backend/app/models/dashboard.py'. Reloading...
ERROR:    Error loading ASGI app. Could not import module "main".
WARNING:  StatReload detected changes in 'backend/app/models/user.py'. Reloading...
ERROR:    Error loading ASGI app. Could not import module "main".
WARNING:  StatReload detected changes in 'backend/app/models/user.py'. Reloading...
ERROR:    Error loading ASGI app. Could not import module "main".
WARNING:  StatReload detected changes in 'backend/app/api/db_meta.py'. Reloading...
WARNING:  StatReload detected changes in 'backend/app/api/db_meta.py'. Reloading...
ERROR:    Error loading ASGI app. Could not import module "main".
ERROR:    Error loading ASGI app. Could not import module "main".
WARNING:  StatReload detected changes in 'backend/app/main.py'. Reloading...
ERROR:    Error loading ASGI app. Could not import module "main".
WARNING:  StatReload detected changes in 'backend/app/main.py'. Reloading...
ERROR:    Error loading ASGI app. Could not import module "main".
WARNING:  StatReload detected changes in 'backend/app/main.py'. Reloading...
WARNING:  StatReload detected changes in 'backend/app/main.py'. Reloading...
ERROR:    Error loading ASGI app. Could not import module "main".
ERROR:    Error loading ASGI app. Could not import module "main".
WARNING:  StatReload detected changes in 'backend/app/api/db_meta.py'. Reloading...
ERROR:    Error loading ASGI app. Could not import module "main".
WARNING:  StatReload detected changes in 'backend/app/api/db_meta.py'. Reloading...
ERROR:    Error loading ASGI app. Could not import module "main".
WARNING:  StatReload detected changes in 'backend/app/api/query.py'. Reloading...
ERROR:    Error loading ASGI app. Could not import module "main".
WARNING:  StatReload detected changes in 'backend/app/api/query.py'. Reloading...
ERROR:    Error loading ASGI app. Could not import module "main".
WARNING:  StatReload detected changes in 'backend/app/routers/sql.py'. Reloading...
ERROR:    Error loading ASGI app. Could not import module "main".
WARNING:  StatReload detected changes in 'backend/app/routers/sql.py'. Reloading...
ERROR:    Error loading ASGI app. Could not import module "main".
WARNING:  StatReload detected changes in 'backend/app/main.py'. Reloading...
ERROR:    Error loading ASGI app. Could not import module "main".
WARNING:  StatReload detected changes in 'backend/app/main.py'. Reloading...
ERROR:    Error loading ASGI app. Could not import module "main".
WARNING:  StatReload detected changes in 'backend/app/main.py'. Reloading...
ERROR:    Error loading ASGI app. Could not import module "main".
WARNING:  StatReload detected changes in 'backend/app/main.py'. Reloading...
ERROR:    Error loading ASGI app. Could not import module "main".
WARNING:  StatReload detected changes in 'backend/app/main.py'. Reloading...
ERROR:    Error loading ASGI app. Could not import module "main".
WARNING:  StatReload detected changes in 'backend/app/main.py'. Reloading...
ERROR:    Error loading ASGI app. Could not import module "main".
WARNING:  StatReload detected changes in 'backend/app/api/dashboards.py'. Reloading...
WARNING:  StatReload detected changes in 'backend/app/api/dashboards.py'. Reloading...
ERROR:    Error loading ASGI app. Could not import module "main".
ERROR:    Error loading ASGI app. Could not import module "main".
WARNING:  StatReload detected changes in 'backend/app/models/dashboard.py'. Reloading...
ERROR:    Error loading ASGI app. Could not import module "main".
WARNING:  StatReload detected changes in 'backend/app/models/dashboard.py'. Reloading...
ERROR:    Error loading ASGI app. Could not import module "main".
WARNING:  StatReload detected changes in 'backend/app/api/query.py'. Reloading...
ERROR:    Error loading ASGI app. Could not import module "main".
WARNING:  StatReload detected changes in 'backend/app/api/query.py'. Reloading...
ERROR:    Error loading ASGI app. Could not import module "main".
WARNING:  StatReload detected changes in 'backend/app/main.py'. Reloading...
ERROR:    Error loading ASGI app. Could not import module "main".
WARNING:  StatReload detected changes in 'backend/app/main.py'. Reloading...
ERROR:    Error loading ASGI app. Could not import module "main".
